This is TeX, Version 3.14159265 (TeX Live 2015/Debian) (preloaded format=tex 2020.2.11)  27 APR 2020 15:49
**./template.tex
(./template.tex
! Undefined control sequence.
l.1 \documentclass
                  {monthlyReport}
? 
! Undefined control sequence.
l.3 \setMonth
             {April}
? 
! Undefined control sequence.
l.5 \begin
          {document}
? 
! Undefined control sequence.
l.6 \section
            {Pendahuluan}
? 
! Undefined control sequence.
l.7     \subsection
                   {Profil Perusahaan}
? 
! Undefined control sequence.
l.8         \subsubsection
                          {Informasi Umum}
? 
! Undefined control sequence.
l.9             \p
                   {
? 
! Undefined control sequence.
l.16         \subsubsection
                           {Sejarah}
? 
! Undefined control sequence.
l.17             \p
                    {
? 
! Undefined control sequence.
l.22     \subsection
                    {Posisi dan Peran Mahasiswa}
? 
! Undefined control sequence.
l.23         \p
                {
? 

Underfull \vbox (badness 10000) has occurred while \output is active
\vbox(643.20255+1.94444)x469.75499, glue set 110.30064
.\glue(\topskip) 3.05556
.\hbox(6.94444+1.94444)x469.75499, glue set 383.19926fil
..\hbox(0.0+0.0)x20.0
..\tenrm m
..\tenrm o
..\tenrm n
..\kern-0.27779
..etc.
.\glue(\parskip) 0.0 plus 1.0
.\glue(\baselineskip) 3.11111
.\hbox(6.94444+1.94444)x469.75499, glue set 427.22716fil
..\hbox(0.0+0.0)x20.0
..\tenrm A
..\tenrm p
..\tenrm r
..\tenrm i
..etc.
.etc.

 [1]
! Undefined control sequence.
l.31 \section
             {Laporan Kegiatan}
? 
! Undefined control sequence.
l.32 \subsection
                {Proses Kegiatan Bisnis}
? 
! Undefined control sequence.
l.33     \p
            {
? 
! Argument of \\ has an extra }.
<inserted text> 
                \par 
<to be read again> 
                   }
l.38     }
          
? 
Runaway argument?
*\url {https://airyrooms.com} maupun di aplikasi android dan iOS yang\ETC.
! Paragraph ended before \\ was complete.
<to be read again> 
                   \par 
<to be read again> 
                   }
l.38     }
          
? 
! Undefined control sequence.
l.40 \subsection
                {Kegiatan di Perusahaan dan Pencapaian Learning Objectives}
? 
! Undefined control sequence.
l.41     \subsubsection
                       {Teknikal Kompetensi}
? 
! Undefined control sequence.
l.42         \begin
                   {modlist}
? 
[2] )
Output written on template.dvi (2 pages, 2816 bytes).
